{"numFailedTestSuites":5,"numFailedTests":0,"numPassedTestSuites":3,"numPassedTests":11,"numPendingTestSuites":0,"numPendingTests":0,"numRuntimeErrorTestSuites":5,"numTodoTests":0,"numTotalTestSuites":8,"numTotalTests":11,"openHandles":[],"snapshot":{"added":0,"didUpdate":false,"failure":false,"filesAdded":0,"filesRemoved":0,"filesRemovedList":[],"filesUnmatched":0,"filesUpdated":0,"matched":0,"total":0,"unchecked":0,"uncheckedKeysByFile":[],"unmatched":0,"updated":0},"startTime":1751805244044,"success":false,"testResults":[{"assertionResults":[{"ancestorTitles":["graphql"],"duration":136,"failureDetails":[],"failureMessages":[],"fullName":"graphql should create a task","invocations":1,"location":null,"numPassingAsserts":2,"retryReasons":[],"status":"passed","title":"should create a task"},{"ancestorTitles":["graphql"],"duration":35,"failureDetails":[],"failureMessages":[],"fullName":"graphql should throw an error when name is empty","invocations":1,"location":null,"numPassingAsserts":2,"retryReasons":[],"status":"passed","title":"should throw an error when name is empty"},{"ancestorTitles":["graphql"],"duration":6,"failureDetails":[],"failureMessages":[],"fullName":"graphql should get all Tasks","invocations":1,"location":null,"numPassingAsserts":2,"retryReasons":[],"status":"passed","title":"should get all Tasks"}],"endTime":1751805266920,"message":"","name":"C:\\projects\\2025\\team-task-track\\client\\src\\data\\__tests__\\graphql.test.tsx","startTime":1751805252793,"status":"passed","summary":""},{"assertionResults":[{"ancestorTitles":["Duration component"],"duration":254,"failureDetails":[],"failureMessages":[],"fullName":"Duration component should render seconds correctly","invocations":1,"location":null,"numPassingAsserts":6,"retryReasons":[],"status":"passed","title":"should render seconds correctly"},{"ancestorTitles":["Duration component"],"duration":16,"failureDetails":[],"failureMessages":[],"fullName":"Duration component should not render only milliseconds","invocations":1,"location":null,"numPassingAsserts":1,"retryReasons":[],"status":"passed","title":"should not render only milliseconds"},{"ancestorTitles":["Duration component"],"duration":8,"failureDetails":[],"failureMessages":[],"fullName":"Duration component should not render a Duration with a undefined duration","invocations":1,"location":null,"numPassingAsserts":1,"retryReasons":[],"status":"passed","title":"should not render a Duration with a undefined duration"},{"ancestorTitles":["Duration component"],"duration":54,"failureDetails":[],"failureMessages":[],"fullName":"Duration component should render multiple duration types, no years correctly","invocations":1,"location":null,"numPassingAsserts":21,"retryReasons":[],"status":"passed","title":"should render multiple duration types, no years correctly"},{"ancestorTitles":["Duration component"],"duration":89,"failureDetails":[],"failureMessages":[],"fullName":"Duration component should render all duration types.","invocations":1,"location":null,"numPassingAsserts":26,"retryReasons":[],"status":"passed","title":"should render all duration types."}],"endTime":1751805267851,"message":"","name":"C:\\projects\\2025\\team-task-track\\client\\src\\components\\__tests__\\duration.test.tsx","startTime":1751805253443,"status":"passed","summary":""},{"assertionResults":[{"ancestorTitles":["ActiveDuration component"],"duration":453,"failureDetails":[],"failureMessages":[],"fullName":"ActiveDuration component should render using a startDate and a zero duration","invocations":1,"location":null,"numPassingAsserts":1,"retryReasons":[],"status":"passed","title":"should render using a startDate and a zero duration"},{"ancestorTitles":["ActiveDuration component"],"duration":85,"failureDetails":[],"failureMessages":[],"fullName":"ActiveDuration component should render using a startDate and a duration in seconds","invocations":1,"location":null,"numPassingAsserts":1,"retryReasons":[],"status":"passed","title":"should render using a startDate and a duration in seconds"},{"ancestorTitles":["ActiveDuration component"],"duration":81,"failureDetails":[],"failureMessages":[],"fullName":"ActiveDuration component should increase the duration by one second each second","invocations":1,"location":null,"numPassingAsserts":3,"retryReasons":[],"status":"passed","title":"should increase the duration by one second each second"}],"endTime":1751805268629,"message":"","name":"C:\\projects\\2025\\team-task-track\\client\\src\\components\\__tests__\\active-duration.test.tsx","startTime":1751805252887,"status":"passed","summary":""},{"assertionResults":[],"coverage":{},"endTime":1751805272969,"message":"  \u001b[1m● \u001b[22mTest suite failed to run\n\n    \u001b[96msrc/contexts/app-data-context.tsx\u001b[0m:\u001b[93m45\u001b[0m:\u001b[93m24\u001b[0m - \u001b[91merror\u001b[0m\u001b[90m TS2345: \u001b[0mArgument of type '{ status: string; message: string; }' is not assignable to parameter of type 'SetStateAction<OperationResult>'.\n      Type '{ status: string; message: string; }' is not assignable to type 'OperationResult'.\n        Types of property 'status' are incompatible.\n          Type 'string' is not assignable to type 'OperationResultStatus'.\n\n    \u001b[7m45\u001b[0m     setOperationResult(results.loadingLoading);\n    \u001b[7m  \u001b[0m \u001b[91m                       ~~~~~~~~~~~~~~~~~~~~~~\u001b[0m\n    \u001b[96msrc/contexts/app-data-context.tsx\u001b[0m:\u001b[93m50\u001b[0m:\u001b[93m26\u001b[0m - \u001b[91merror\u001b[0m\u001b[90m TS2345: \u001b[0mArgument of type '{ status: string; message: string; }' is not assignable to parameter of type 'SetStateAction<OperationResult>'.\n      Type '{ status: string; message: string; }' is not assignable to type 'OperationResult'.\n        Types of property 'status' are incompatible.\n          Type 'string' is not assignable to type 'OperationResultStatus'.\n\n    \u001b[7m50\u001b[0m       setOperationResult(results.taskLoadingSuccess);\n    \u001b[7m  \u001b[0m \u001b[91m                         ~~~~~~~~~~~~~~~~~~~~~~~~~~\u001b[0m\n    \u001b[96msrc/contexts/app-data-context.tsx\u001b[0m:\u001b[93m60\u001b[0m:\u001b[93m24\u001b[0m - \u001b[91merror\u001b[0m\u001b[90m TS2345: \u001b[0mArgument of type '{ status: string; message: string; }' is not assignable to parameter of type 'SetStateAction<OperationResult>'.\n      Type '{ status: string; message: string; }' is not assignable to type 'OperationResult'.\n        Types of property 'status' are incompatible.\n          Type 'string' is not assignable to type 'OperationResultStatus'.\n\n    \u001b[7m60\u001b[0m     setOperationResult(results.loadingConnection);\n    \u001b[7m  \u001b[0m \u001b[91m                       ~~~~~~~~~~~~~~~~~~~~~~~~~\u001b[0m\n    \u001b[96msrc/contexts/app-data-context.tsx\u001b[0m:\u001b[93m67\u001b[0m:\u001b[93m26\u001b[0m - \u001b[91merror\u001b[0m\u001b[90m TS2345: \u001b[0mArgument of type '{ status: string; message: string; }' is not assignable to parameter of type 'SetStateAction<OperationResult>'.\n      Type '{ status: string; message: string; }' is not assignable to type 'OperationResult'.\n        Types of property 'status' are incompatible.\n          Type 'string' is not assignable to type 'OperationResultStatus'.\n\n    \u001b[7m67\u001b[0m       setOperationResult(results.taskCreatedSuccess);\n    \u001b[7m  \u001b[0m \u001b[91m                         ~~~~~~~~~~~~~~~~~~~~~~~~~~\u001b[0m\n    \u001b[96msrc/contexts/app-data-context.tsx\u001b[0m:\u001b[93m70\u001b[0m:\u001b[93m26\u001b[0m - \u001b[91merror\u001b[0m\u001b[90m TS2345: \u001b[0mArgument of type '{ status: string; message: string; }' is not assignable to parameter of type 'SetStateAction<OperationResult>'.\n      Type '{ status: string; message: string; }' is not assignable to type 'OperationResult'.\n        Types of property 'status' are incompatible.\n          Type 'string' is not assignable to type 'OperationResultStatus'.\n\n    \u001b[7m70\u001b[0m       setOperationResult(results.taskCreatedError);\n    \u001b[7m  \u001b[0m \u001b[91m                         ~~~~~~~~~~~~~~~~~~~~~~~~\u001b[0m\n    \u001b[96msrc/contexts/app-data-context.tsx\u001b[0m:\u001b[93m75\u001b[0m:\u001b[93m24\u001b[0m - \u001b[91merror\u001b[0m\u001b[90m TS2345: \u001b[0mArgument of type '{ status: string; message: string; }' is not assignable to parameter of type 'SetStateAction<OperationResult>'.\n      Type '{ status: string; message: string; }' is not assignable to type 'OperationResult'.\n        Types of property 'status' are incompatible.\n          Type 'string' is not assignable to type 'OperationResultStatus'.\n\n    \u001b[7m75\u001b[0m     setOperationResult(results.loadingConnection);\n    \u001b[7m  \u001b[0m \u001b[91m                       ~~~~~~~~~~~~~~~~~~~~~~~~~\u001b[0m\n    \u001b[96msrc/contexts/app-data-context.tsx\u001b[0m:\u001b[93m82\u001b[0m:\u001b[93m26\u001b[0m - \u001b[91merror\u001b[0m\u001b[90m TS2345: \u001b[0mArgument of type '{ status: string; message: string; }' is not assignable to parameter of type 'SetStateAction<OperationResult>'.\n      Type '{ status: string; message: string; }' is not assignable to type 'OperationResult'.\n        Types of property 'status' are incompatible.\n          Type 'string' is not assignable to type 'OperationResultStatus'.\n\n    \u001b[7m82\u001b[0m       setOperationResult(results.startTaskSuccess);\n    \u001b[7m  \u001b[0m \u001b[91m                         ~~~~~~~~~~~~~~~~~~~~~~~~\u001b[0m\n    \u001b[96msrc/contexts/app-data-context.tsx\u001b[0m:\u001b[93m92\u001b[0m:\u001b[93m24\u001b[0m - \u001b[91merror\u001b[0m\u001b[90m TS2345: \u001b[0mArgument of type '{ status: string; message: string; }' is not assignable to parameter of type 'SetStateAction<OperationResult>'.\n      Type '{ status: string; message: string; }' is not assignable to type 'OperationResult'.\n        Types of property 'status' are incompatible.\n          Type 'string' is not assignable to type 'OperationResultStatus'.\n\n    \u001b[7m92\u001b[0m     setOperationResult(results.loadingConnection);\n    \u001b[7m  \u001b[0m \u001b[91m                       ~~~~~~~~~~~~~~~~~~~~~~~~~\u001b[0m\n    \u001b[96msrc/contexts/app-data-context.tsx\u001b[0m:\u001b[93m99\u001b[0m:\u001b[93m26\u001b[0m - \u001b[91merror\u001b[0m\u001b[90m TS2345: \u001b[0mArgument of type '{ status: string; message: string; }' is not assignable to parameter of type 'SetStateAction<OperationResult>'.\n      Type '{ status: string; message: string; }' is not assignable to type 'OperationResult'.\n        Types of property 'status' are incompatible.\n          Type 'string' is not assignable to type 'OperationResultStatus'.\n\n    \u001b[7m99\u001b[0m       setOperationResult(results.stopTaskSuccess);\n    \u001b[7m  \u001b[0m \u001b[91m                         ~~~~~~~~~~~~~~~~~~~~~~~\u001b[0m\n    \u001b[96msrc/contexts/app-data-context.tsx\u001b[0m:\u001b[93m110\u001b[0m:\u001b[93m24\u001b[0m - \u001b[91merror\u001b[0m\u001b[90m TS2345: \u001b[0mArgument of type '{ status: string; message: string; }' is not assignable to parameter of type 'SetStateAction<OperationResult>'.\n      Type '{ status: string; message: string; }' is not assignable to type 'OperationResult'.\n        Types of property 'status' are incompatible.\n          Type 'string' is not assignable to type 'OperationResultStatus'.\n\n    \u001b[7m110\u001b[0m     setOperationResult(results.loadingLoading);\n    \u001b[7m   \u001b[0m \u001b[91m                       ~~~~~~~~~~~~~~~~~~~~~~\u001b[0m\n    \u001b[96msrc/contexts/app-data-context.tsx\u001b[0m:\u001b[93m114\u001b[0m:\u001b[93m28\u001b[0m - \u001b[91merror\u001b[0m\u001b[90m TS2345: \u001b[0mArgument of type '{ status: string; message: string; }' is not assignable to parameter of type 'SetStateAction<OperationResult>'.\n      Type '{ status: string; message: string; }' is not assignable to type 'OperationResult'.\n        Types of property 'status' are incompatible.\n          Type 'string' is not assignable to type 'OperationResultStatus'.\n\n    \u001b[7m114\u001b[0m         setOperationResult(results.taskTimesReturnedEmpty);\n    \u001b[7m   \u001b[0m \u001b[91m                           ~~~~~~~~~~~~~~~~~~~~~~~~~~~~~~\u001b[0m\n    \u001b[96msrc/contexts/app-data-context.tsx\u001b[0m:\u001b[93m118\u001b[0m:\u001b[93m26\u001b[0m - \u001b[91merror\u001b[0m\u001b[90m TS2345: \u001b[0mArgument of type '{ status: string; message: string; }' is not assignable to parameter of type 'SetStateAction<OperationResult>'.\n      Type '{ status: string; message: string; }' is not assignable to type 'OperationResult'.\n        Types of property 'status' are incompatible.\n          Type 'string' is not assignable to type 'OperationResultStatus'.\n\n    \u001b[7m118\u001b[0m       setOperationResult(results.taskTimesLoadingSuccess);\n    \u001b[7m   \u001b[0m \u001b[91m                         ~~~~~~~~~~~~~~~~~~~~~~~~~~~~~~~\u001b[0m\n","name":"C:\\projects\\2025\\team-task-track\\client\\src\\components\\__tests__\\task-table.test.tsx","startTime":1751805272969,"status":"failed","summary":""},{"assertionResults":[],"coverage":{},"endTime":1751805272969,"message":"  \u001b[1m● \u001b[22mTest suite failed to run\n\n    \u001b[96msrc/contexts/app-data-context.tsx\u001b[0m:\u001b[93m45\u001b[0m:\u001b[93m24\u001b[0m - \u001b[91merror\u001b[0m\u001b[90m TS2345: \u001b[0mArgument of type '{ status: string; message: string; }' is not assignable to parameter of type 'SetStateAction<OperationResult>'.\n      Type '{ status: string; message: string; }' is not assignable to type 'OperationResult'.\n        Types of property 'status' are incompatible.\n          Type 'string' is not assignable to type 'OperationResultStatus'.\n\n    \u001b[7m45\u001b[0m     setOperationResult(results.loadingLoading);\n    \u001b[7m  \u001b[0m \u001b[91m                       ~~~~~~~~~~~~~~~~~~~~~~\u001b[0m\n    \u001b[96msrc/contexts/app-data-context.tsx\u001b[0m:\u001b[93m50\u001b[0m:\u001b[93m26\u001b[0m - \u001b[91merror\u001b[0m\u001b[90m TS2345: \u001b[0mArgument of type '{ status: string; message: string; }' is not assignable to parameter of type 'SetStateAction<OperationResult>'.\n      Type '{ status: string; message: string; }' is not assignable to type 'OperationResult'.\n        Types of property 'status' are incompatible.\n          Type 'string' is not assignable to type 'OperationResultStatus'.\n\n    \u001b[7m50\u001b[0m       setOperationResult(results.taskLoadingSuccess);\n    \u001b[7m  \u001b[0m \u001b[91m                         ~~~~~~~~~~~~~~~~~~~~~~~~~~\u001b[0m\n    \u001b[96msrc/contexts/app-data-context.tsx\u001b[0m:\u001b[93m60\u001b[0m:\u001b[93m24\u001b[0m - \u001b[91merror\u001b[0m\u001b[90m TS2345: \u001b[0mArgument of type '{ status: string; message: string; }' is not assignable to parameter of type 'SetStateAction<OperationResult>'.\n      Type '{ status: string; message: string; }' is not assignable to type 'OperationResult'.\n        Types of property 'status' are incompatible.\n          Type 'string' is not assignable to type 'OperationResultStatus'.\n\n    \u001b[7m60\u001b[0m     setOperationResult(results.loadingConnection);\n    \u001b[7m  \u001b[0m \u001b[91m                       ~~~~~~~~~~~~~~~~~~~~~~~~~\u001b[0m\n    \u001b[96msrc/contexts/app-data-context.tsx\u001b[0m:\u001b[93m67\u001b[0m:\u001b[93m26\u001b[0m - \u001b[91merror\u001b[0m\u001b[90m TS2345: \u001b[0mArgument of type '{ status: string; message: string; }' is not assignable to parameter of type 'SetStateAction<OperationResult>'.\n      Type '{ status: string; message: string; }' is not assignable to type 'OperationResult'.\n        Types of property 'status' are incompatible.\n          Type 'string' is not assignable to type 'OperationResultStatus'.\n\n    \u001b[7m67\u001b[0m       setOperationResult(results.taskCreatedSuccess);\n    \u001b[7m  \u001b[0m \u001b[91m                         ~~~~~~~~~~~~~~~~~~~~~~~~~~\u001b[0m\n    \u001b[96msrc/contexts/app-data-context.tsx\u001b[0m:\u001b[93m70\u001b[0m:\u001b[93m26\u001b[0m - \u001b[91merror\u001b[0m\u001b[90m TS2345: \u001b[0mArgument of type '{ status: string; message: string; }' is not assignable to parameter of type 'SetStateAction<OperationResult>'.\n      Type '{ status: string; message: string; }' is not assignable to type 'OperationResult'.\n        Types of property 'status' are incompatible.\n          Type 'string' is not assignable to type 'OperationResultStatus'.\n\n    \u001b[7m70\u001b[0m       setOperationResult(results.taskCreatedError);\n    \u001b[7m  \u001b[0m \u001b[91m                         ~~~~~~~~~~~~~~~~~~~~~~~~\u001b[0m\n    \u001b[96msrc/contexts/app-data-context.tsx\u001b[0m:\u001b[93m75\u001b[0m:\u001b[93m24\u001b[0m - \u001b[91merror\u001b[0m\u001b[90m TS2345: \u001b[0mArgument of type '{ status: string; message: string; }' is not assignable to parameter of type 'SetStateAction<OperationResult>'.\n      Type '{ status: string; message: string; }' is not assignable to type 'OperationResult'.\n        Types of property 'status' are incompatible.\n          Type 'string' is not assignable to type 'OperationResultStatus'.\n\n    \u001b[7m75\u001b[0m     setOperationResult(results.loadingConnection);\n    \u001b[7m  \u001b[0m \u001b[91m                       ~~~~~~~~~~~~~~~~~~~~~~~~~\u001b[0m\n    \u001b[96msrc/contexts/app-data-context.tsx\u001b[0m:\u001b[93m82\u001b[0m:\u001b[93m26\u001b[0m - \u001b[91merror\u001b[0m\u001b[90m TS2345: \u001b[0mArgument of type '{ status: string; message: string; }' is not assignable to parameter of type 'SetStateAction<OperationResult>'.\n      Type '{ status: string; message: string; }' is not assignable to type 'OperationResult'.\n        Types of property 'status' are incompatible.\n          Type 'string' is not assignable to type 'OperationResultStatus'.\n\n    \u001b[7m82\u001b[0m       setOperationResult(results.startTaskSuccess);\n    \u001b[7m  \u001b[0m \u001b[91m                         ~~~~~~~~~~~~~~~~~~~~~~~~\u001b[0m\n    \u001b[96msrc/contexts/app-data-context.tsx\u001b[0m:\u001b[93m92\u001b[0m:\u001b[93m24\u001b[0m - \u001b[91merror\u001b[0m\u001b[90m TS2345: \u001b[0mArgument of type '{ status: string; message: string; }' is not assignable to parameter of type 'SetStateAction<OperationResult>'.\n      Type '{ status: string; message: string; }' is not assignable to type 'OperationResult'.\n        Types of property 'status' are incompatible.\n          Type 'string' is not assignable to type 'OperationResultStatus'.\n\n    \u001b[7m92\u001b[0m     setOperationResult(results.loadingConnection);\n    \u001b[7m  \u001b[0m \u001b[91m                       ~~~~~~~~~~~~~~~~~~~~~~~~~\u001b[0m\n    \u001b[96msrc/contexts/app-data-context.tsx\u001b[0m:\u001b[93m99\u001b[0m:\u001b[93m26\u001b[0m - \u001b[91merror\u001b[0m\u001b[90m TS2345: \u001b[0mArgument of type '{ status: string; message: string; }' is not assignable to parameter of type 'SetStateAction<OperationResult>'.\n      Type '{ status: string; message: string; }' is not assignable to type 'OperationResult'.\n        Types of property 'status' are incompatible.\n          Type 'string' is not assignable to type 'OperationResultStatus'.\n\n    \u001b[7m99\u001b[0m       setOperationResult(results.stopTaskSuccess);\n    \u001b[7m  \u001b[0m \u001b[91m                         ~~~~~~~~~~~~~~~~~~~~~~~\u001b[0m\n    \u001b[96msrc/contexts/app-data-context.tsx\u001b[0m:\u001b[93m110\u001b[0m:\u001b[93m24\u001b[0m - \u001b[91merror\u001b[0m\u001b[90m TS2345: \u001b[0mArgument of type '{ status: string; message: string; }' is not assignable to parameter of type 'SetStateAction<OperationResult>'.\n      Type '{ status: string; message: string; }' is not assignable to type 'OperationResult'.\n        Types of property 'status' are incompatible.\n          Type 'string' is not assignable to type 'OperationResultStatus'.\n\n    \u001b[7m110\u001b[0m     setOperationResult(results.loadingLoading);\n    \u001b[7m   \u001b[0m \u001b[91m                       ~~~~~~~~~~~~~~~~~~~~~~\u001b[0m\n    \u001b[96msrc/contexts/app-data-context.tsx\u001b[0m:\u001b[93m114\u001b[0m:\u001b[93m28\u001b[0m - \u001b[91merror\u001b[0m\u001b[90m TS2345: \u001b[0mArgument of type '{ status: string; message: string; }' is not assignable to parameter of type 'SetStateAction<OperationResult>'.\n      Type '{ status: string; message: string; }' is not assignable to type 'OperationResult'.\n        Types of property 'status' are incompatible.\n          Type 'string' is not assignable to type 'OperationResultStatus'.\n\n    \u001b[7m114\u001b[0m         setOperationResult(results.taskTimesReturnedEmpty);\n    \u001b[7m   \u001b[0m \u001b[91m                           ~~~~~~~~~~~~~~~~~~~~~~~~~~~~~~\u001b[0m\n    \u001b[96msrc/contexts/app-data-context.tsx\u001b[0m:\u001b[93m118\u001b[0m:\u001b[93m26\u001b[0m - \u001b[91merror\u001b[0m\u001b[90m TS2345: \u001b[0mArgument of type '{ status: string; message: string; }' is not assignable to parameter of type 'SetStateAction<OperationResult>'.\n      Type '{ status: string; message: string; }' is not assignable to type 'OperationResult'.\n        Types of property 'status' are incompatible.\n          Type 'string' is not assignable to type 'OperationResultStatus'.\n\n    \u001b[7m118\u001b[0m       setOperationResult(results.taskTimesLoadingSuccess);\n    \u001b[7m   \u001b[0m \u001b[91m                         ~~~~~~~~~~~~~~~~~~~~~~~~~~~~~~~\u001b[0m\n","name":"C:\\projects\\2025\\team-task-track\\client\\src\\contexts\\__tests__\\app-data-context.test.tsx","startTime":1751805272969,"status":"failed","summary":""},{"assertionResults":[],"coverage":{},"endTime":1751805272969,"message":"  \u001b[1m● \u001b[22mTest suite failed to run\n\n    \u001b[96msrc/contexts/app-data-context.tsx\u001b[0m:\u001b[93m45\u001b[0m:\u001b[93m24\u001b[0m - \u001b[91merror\u001b[0m\u001b[90m TS2345: \u001b[0mArgument of type '{ status: string; message: string; }' is not assignable to parameter of type 'SetStateAction<OperationResult>'.\n      Type '{ status: string; message: string; }' is not assignable to type 'OperationResult'.\n        Types of property 'status' are incompatible.\n          Type 'string' is not assignable to type 'OperationResultStatus'.\n\n    \u001b[7m45\u001b[0m     setOperationResult(results.loadingLoading);\n    \u001b[7m  \u001b[0m \u001b[91m                       ~~~~~~~~~~~~~~~~~~~~~~\u001b[0m\n    \u001b[96msrc/contexts/app-data-context.tsx\u001b[0m:\u001b[93m50\u001b[0m:\u001b[93m26\u001b[0m - \u001b[91merror\u001b[0m\u001b[90m TS2345: \u001b[0mArgument of type '{ status: string; message: string; }' is not assignable to parameter of type 'SetStateAction<OperationResult>'.\n      Type '{ status: string; message: string; }' is not assignable to type 'OperationResult'.\n        Types of property 'status' are incompatible.\n          Type 'string' is not assignable to type 'OperationResultStatus'.\n\n    \u001b[7m50\u001b[0m       setOperationResult(results.taskLoadingSuccess);\n    \u001b[7m  \u001b[0m \u001b[91m                         ~~~~~~~~~~~~~~~~~~~~~~~~~~\u001b[0m\n    \u001b[96msrc/contexts/app-data-context.tsx\u001b[0m:\u001b[93m60\u001b[0m:\u001b[93m24\u001b[0m - \u001b[91merror\u001b[0m\u001b[90m TS2345: \u001b[0mArgument of type '{ status: string; message: string; }' is not assignable to parameter of type 'SetStateAction<OperationResult>'.\n      Type '{ status: string; message: string; }' is not assignable to type 'OperationResult'.\n        Types of property 'status' are incompatible.\n          Type 'string' is not assignable to type 'OperationResultStatus'.\n\n    \u001b[7m60\u001b[0m     setOperationResult(results.loadingConnection);\n    \u001b[7m  \u001b[0m \u001b[91m                       ~~~~~~~~~~~~~~~~~~~~~~~~~\u001b[0m\n    \u001b[96msrc/contexts/app-data-context.tsx\u001b[0m:\u001b[93m67\u001b[0m:\u001b[93m26\u001b[0m - \u001b[91merror\u001b[0m\u001b[90m TS2345: \u001b[0mArgument of type '{ status: string; message: string; }' is not assignable to parameter of type 'SetStateAction<OperationResult>'.\n      Type '{ status: string; message: string; }' is not assignable to type 'OperationResult'.\n        Types of property 'status' are incompatible.\n          Type 'string' is not assignable to type 'OperationResultStatus'.\n\n    \u001b[7m67\u001b[0m       setOperationResult(results.taskCreatedSuccess);\n    \u001b[7m  \u001b[0m \u001b[91m                         ~~~~~~~~~~~~~~~~~~~~~~~~~~\u001b[0m\n    \u001b[96msrc/contexts/app-data-context.tsx\u001b[0m:\u001b[93m70\u001b[0m:\u001b[93m26\u001b[0m - \u001b[91merror\u001b[0m\u001b[90m TS2345: \u001b[0mArgument of type '{ status: string; message: string; }' is not assignable to parameter of type 'SetStateAction<OperationResult>'.\n      Type '{ status: string; message: string; }' is not assignable to type 'OperationResult'.\n        Types of property 'status' are incompatible.\n          Type 'string' is not assignable to type 'OperationResultStatus'.\n\n    \u001b[7m70\u001b[0m       setOperationResult(results.taskCreatedError);\n    \u001b[7m  \u001b[0m \u001b[91m                         ~~~~~~~~~~~~~~~~~~~~~~~~\u001b[0m\n    \u001b[96msrc/contexts/app-data-context.tsx\u001b[0m:\u001b[93m75\u001b[0m:\u001b[93m24\u001b[0m - \u001b[91merror\u001b[0m\u001b[90m TS2345: \u001b[0mArgument of type '{ status: string; message: string; }' is not assignable to parameter of type 'SetStateAction<OperationResult>'.\n      Type '{ status: string; message: string; }' is not assignable to type 'OperationResult'.\n        Types of property 'status' are incompatible.\n          Type 'string' is not assignable to type 'OperationResultStatus'.\n\n    \u001b[7m75\u001b[0m     setOperationResult(results.loadingConnection);\n    \u001b[7m  \u001b[0m \u001b[91m                       ~~~~~~~~~~~~~~~~~~~~~~~~~\u001b[0m\n    \u001b[96msrc/contexts/app-data-context.tsx\u001b[0m:\u001b[93m82\u001b[0m:\u001b[93m26\u001b[0m - \u001b[91merror\u001b[0m\u001b[90m TS2345: \u001b[0mArgument of type '{ status: string; message: string; }' is not assignable to parameter of type 'SetStateAction<OperationResult>'.\n      Type '{ status: string; message: string; }' is not assignable to type 'OperationResult'.\n        Types of property 'status' are incompatible.\n          Type 'string' is not assignable to type 'OperationResultStatus'.\n\n    \u001b[7m82\u001b[0m       setOperationResult(results.startTaskSuccess);\n    \u001b[7m  \u001b[0m \u001b[91m                         ~~~~~~~~~~~~~~~~~~~~~~~~\u001b[0m\n    \u001b[96msrc/contexts/app-data-context.tsx\u001b[0m:\u001b[93m92\u001b[0m:\u001b[93m24\u001b[0m - \u001b[91merror\u001b[0m\u001b[90m TS2345: \u001b[0mArgument of type '{ status: string; message: string; }' is not assignable to parameter of type 'SetStateAction<OperationResult>'.\n      Type '{ status: string; message: string; }' is not assignable to type 'OperationResult'.\n        Types of property 'status' are incompatible.\n          Type 'string' is not assignable to type 'OperationResultStatus'.\n\n    \u001b[7m92\u001b[0m     setOperationResult(results.loadingConnection);\n    \u001b[7m  \u001b[0m \u001b[91m                       ~~~~~~~~~~~~~~~~~~~~~~~~~\u001b[0m\n    \u001b[96msrc/contexts/app-data-context.tsx\u001b[0m:\u001b[93m99\u001b[0m:\u001b[93m26\u001b[0m - \u001b[91merror\u001b[0m\u001b[90m TS2345: \u001b[0mArgument of type '{ status: string; message: string; }' is not assignable to parameter of type 'SetStateAction<OperationResult>'.\n      Type '{ status: string; message: string; }' is not assignable to type 'OperationResult'.\n        Types of property 'status' are incompatible.\n          Type 'string' is not assignable to type 'OperationResultStatus'.\n\n    \u001b[7m99\u001b[0m       setOperationResult(results.stopTaskSuccess);\n    \u001b[7m  \u001b[0m \u001b[91m                         ~~~~~~~~~~~~~~~~~~~~~~~\u001b[0m\n    \u001b[96msrc/contexts/app-data-context.tsx\u001b[0m:\u001b[93m110\u001b[0m:\u001b[93m24\u001b[0m - \u001b[91merror\u001b[0m\u001b[90m TS2345: \u001b[0mArgument of type '{ status: string; message: string; }' is not assignable to parameter of type 'SetStateAction<OperationResult>'.\n      Type '{ status: string; message: string; }' is not assignable to type 'OperationResult'.\n        Types of property 'status' are incompatible.\n          Type 'string' is not assignable to type 'OperationResultStatus'.\n\n    \u001b[7m110\u001b[0m     setOperationResult(results.loadingLoading);\n    \u001b[7m   \u001b[0m \u001b[91m                       ~~~~~~~~~~~~~~~~~~~~~~\u001b[0m\n    \u001b[96msrc/contexts/app-data-context.tsx\u001b[0m:\u001b[93m114\u001b[0m:\u001b[93m28\u001b[0m - \u001b[91merror\u001b[0m\u001b[90m TS2345: \u001b[0mArgument of type '{ status: string; message: string; }' is not assignable to parameter of type 'SetStateAction<OperationResult>'.\n      Type '{ status: string; message: string; }' is not assignable to type 'OperationResult'.\n        Types of property 'status' are incompatible.\n          Type 'string' is not assignable to type 'OperationResultStatus'.\n\n    \u001b[7m114\u001b[0m         setOperationResult(results.taskTimesReturnedEmpty);\n    \u001b[7m   \u001b[0m \u001b[91m                           ~~~~~~~~~~~~~~~~~~~~~~~~~~~~~~\u001b[0m\n    \u001b[96msrc/contexts/app-data-context.tsx\u001b[0m:\u001b[93m118\u001b[0m:\u001b[93m26\u001b[0m - \u001b[91merror\u001b[0m\u001b[90m TS2345: \u001b[0mArgument of type '{ status: string; message: string; }' is not assignable to parameter of type 'SetStateAction<OperationResult>'.\n      Type '{ status: string; message: string; }' is not assignable to type 'OperationResult'.\n        Types of property 'status' are incompatible.\n          Type 'string' is not assignable to type 'OperationResultStatus'.\n\n    \u001b[7m118\u001b[0m       setOperationResult(results.taskTimesLoadingSuccess);\n    \u001b[7m   \u001b[0m \u001b[91m                         ~~~~~~~~~~~~~~~~~~~~~~~~~~~~~~~\u001b[0m\n","name":"C:\\projects\\2025\\team-task-track\\client\\src\\components\\__tests__\\time-table.test.tsx","startTime":1751805272969,"status":"failed","summary":""},{"assertionResults":[],"coverage":{},"endTime":1751805272969,"message":"  \u001b[1m● \u001b[22mTest suite failed to run\n\n    \u001b[96msrc/contexts/app-data-context.tsx\u001b[0m:\u001b[93m45\u001b[0m:\u001b[93m24\u001b[0m - \u001b[91merror\u001b[0m\u001b[90m TS2345: \u001b[0mArgument of type '{ status: string; message: string; }' is not assignable to parameter of type 'SetStateAction<OperationResult>'.\n      Type '{ status: string; message: string; }' is not assignable to type 'OperationResult'.\n        Types of property 'status' are incompatible.\n          Type 'string' is not assignable to type 'OperationResultStatus'.\n\n    \u001b[7m45\u001b[0m     setOperationResult(results.loadingLoading);\n    \u001b[7m  \u001b[0m \u001b[91m                       ~~~~~~~~~~~~~~~~~~~~~~\u001b[0m\n    \u001b[96msrc/contexts/app-data-context.tsx\u001b[0m:\u001b[93m50\u001b[0m:\u001b[93m26\u001b[0m - \u001b[91merror\u001b[0m\u001b[90m TS2345: \u001b[0mArgument of type '{ status: string; message: string; }' is not assignable to parameter of type 'SetStateAction<OperationResult>'.\n      Type '{ status: string; message: string; }' is not assignable to type 'OperationResult'.\n        Types of property 'status' are incompatible.\n          Type 'string' is not assignable to type 'OperationResultStatus'.\n\n    \u001b[7m50\u001b[0m       setOperationResult(results.taskLoadingSuccess);\n    \u001b[7m  \u001b[0m \u001b[91m                         ~~~~~~~~~~~~~~~~~~~~~~~~~~\u001b[0m\n    \u001b[96msrc/contexts/app-data-context.tsx\u001b[0m:\u001b[93m60\u001b[0m:\u001b[93m24\u001b[0m - \u001b[91merror\u001b[0m\u001b[90m TS2345: \u001b[0mArgument of type '{ status: string; message: string; }' is not assignable to parameter of type 'SetStateAction<OperationResult>'.\n      Type '{ status: string; message: string; }' is not assignable to type 'OperationResult'.\n        Types of property 'status' are incompatible.\n          Type 'string' is not assignable to type 'OperationResultStatus'.\n\n    \u001b[7m60\u001b[0m     setOperationResult(results.loadingConnection);\n    \u001b[7m  \u001b[0m \u001b[91m                       ~~~~~~~~~~~~~~~~~~~~~~~~~\u001b[0m\n    \u001b[96msrc/contexts/app-data-context.tsx\u001b[0m:\u001b[93m67\u001b[0m:\u001b[93m26\u001b[0m - \u001b[91merror\u001b[0m\u001b[90m TS2345: \u001b[0mArgument of type '{ status: string; message: string; }' is not assignable to parameter of type 'SetStateAction<OperationResult>'.\n      Type '{ status: string; message: string; }' is not assignable to type 'OperationResult'.\n        Types of property 'status' are incompatible.\n          Type 'string' is not assignable to type 'OperationResultStatus'.\n\n    \u001b[7m67\u001b[0m       setOperationResult(results.taskCreatedSuccess);\n    \u001b[7m  \u001b[0m \u001b[91m                         ~~~~~~~~~~~~~~~~~~~~~~~~~~\u001b[0m\n    \u001b[96msrc/contexts/app-data-context.tsx\u001b[0m:\u001b[93m70\u001b[0m:\u001b[93m26\u001b[0m - \u001b[91merror\u001b[0m\u001b[90m TS2345: \u001b[0mArgument of type '{ status: string; message: string; }' is not assignable to parameter of type 'SetStateAction<OperationResult>'.\n      Type '{ status: string; message: string; }' is not assignable to type 'OperationResult'.\n        Types of property 'status' are incompatible.\n          Type 'string' is not assignable to type 'OperationResultStatus'.\n\n    \u001b[7m70\u001b[0m       setOperationResult(results.taskCreatedError);\n    \u001b[7m  \u001b[0m \u001b[91m                         ~~~~~~~~~~~~~~~~~~~~~~~~\u001b[0m\n    \u001b[96msrc/contexts/app-data-context.tsx\u001b[0m:\u001b[93m75\u001b[0m:\u001b[93m24\u001b[0m - \u001b[91merror\u001b[0m\u001b[90m TS2345: \u001b[0mArgument of type '{ status: string; message: string; }' is not assignable to parameter of type 'SetStateAction<OperationResult>'.\n      Type '{ status: string; message: string; }' is not assignable to type 'OperationResult'.\n        Types of property 'status' are incompatible.\n          Type 'string' is not assignable to type 'OperationResultStatus'.\n\n    \u001b[7m75\u001b[0m     setOperationResult(results.loadingConnection);\n    \u001b[7m  \u001b[0m \u001b[91m                       ~~~~~~~~~~~~~~~~~~~~~~~~~\u001b[0m\n    \u001b[96msrc/contexts/app-data-context.tsx\u001b[0m:\u001b[93m82\u001b[0m:\u001b[93m26\u001b[0m - \u001b[91merror\u001b[0m\u001b[90m TS2345: \u001b[0mArgument of type '{ status: string; message: string; }' is not assignable to parameter of type 'SetStateAction<OperationResult>'.\n      Type '{ status: string; message: string; }' is not assignable to type 'OperationResult'.\n        Types of property 'status' are incompatible.\n          Type 'string' is not assignable to type 'OperationResultStatus'.\n\n    \u001b[7m82\u001b[0m       setOperationResult(results.startTaskSuccess);\n    \u001b[7m  \u001b[0m \u001b[91m                         ~~~~~~~~~~~~~~~~~~~~~~~~\u001b[0m\n    \u001b[96msrc/contexts/app-data-context.tsx\u001b[0m:\u001b[93m92\u001b[0m:\u001b[93m24\u001b[0m - \u001b[91merror\u001b[0m\u001b[90m TS2345: \u001b[0mArgument of type '{ status: string; message: string; }' is not assignable to parameter of type 'SetStateAction<OperationResult>'.\n      Type '{ status: string; message: string; }' is not assignable to type 'OperationResult'.\n        Types of property 'status' are incompatible.\n          Type 'string' is not assignable to type 'OperationResultStatus'.\n\n    \u001b[7m92\u001b[0m     setOperationResult(results.loadingConnection);\n    \u001b[7m  \u001b[0m \u001b[91m                       ~~~~~~~~~~~~~~~~~~~~~~~~~\u001b[0m\n    \u001b[96msrc/contexts/app-data-context.tsx\u001b[0m:\u001b[93m99\u001b[0m:\u001b[93m26\u001b[0m - \u001b[91merror\u001b[0m\u001b[90m TS2345: \u001b[0mArgument of type '{ status: string; message: string; }' is not assignable to parameter of type 'SetStateAction<OperationResult>'.\n      Type '{ status: string; message: string; }' is not assignable to type 'OperationResult'.\n        Types of property 'status' are incompatible.\n          Type 'string' is not assignable to type 'OperationResultStatus'.\n\n    \u001b[7m99\u001b[0m       setOperationResult(results.stopTaskSuccess);\n    \u001b[7m  \u001b[0m \u001b[91m                         ~~~~~~~~~~~~~~~~~~~~~~~\u001b[0m\n    \u001b[96msrc/contexts/app-data-context.tsx\u001b[0m:\u001b[93m110\u001b[0m:\u001b[93m24\u001b[0m - \u001b[91merror\u001b[0m\u001b[90m TS2345: \u001b[0mArgument of type '{ status: string; message: string; }' is not assignable to parameter of type 'SetStateAction<OperationResult>'.\n      Type '{ status: string; message: string; }' is not assignable to type 'OperationResult'.\n        Types of property 'status' are incompatible.\n          Type 'string' is not assignable to type 'OperationResultStatus'.\n\n    \u001b[7m110\u001b[0m     setOperationResult(results.loadingLoading);\n    \u001b[7m   \u001b[0m \u001b[91m                       ~~~~~~~~~~~~~~~~~~~~~~\u001b[0m\n    \u001b[96msrc/contexts/app-data-context.tsx\u001b[0m:\u001b[93m114\u001b[0m:\u001b[93m28\u001b[0m - \u001b[91merror\u001b[0m\u001b[90m TS2345: \u001b[0mArgument of type '{ status: string; message: string; }' is not assignable to parameter of type 'SetStateAction<OperationResult>'.\n      Type '{ status: string; message: string; }' is not assignable to type 'OperationResult'.\n        Types of property 'status' are incompatible.\n          Type 'string' is not assignable to type 'OperationResultStatus'.\n\n    \u001b[7m114\u001b[0m         setOperationResult(results.taskTimesReturnedEmpty);\n    \u001b[7m   \u001b[0m \u001b[91m                           ~~~~~~~~~~~~~~~~~~~~~~~~~~~~~~\u001b[0m\n    \u001b[96msrc/contexts/app-data-context.tsx\u001b[0m:\u001b[93m118\u001b[0m:\u001b[93m26\u001b[0m - \u001b[91merror\u001b[0m\u001b[90m TS2345: \u001b[0mArgument of type '{ status: string; message: string; }' is not assignable to parameter of type 'SetStateAction<OperationResult>'.\n      Type '{ status: string; message: string; }' is not assignable to type 'OperationResult'.\n        Types of property 'status' are incompatible.\n          Type 'string' is not assignable to type 'OperationResultStatus'.\n\n    \u001b[7m118\u001b[0m       setOperationResult(results.taskTimesLoadingSuccess);\n    \u001b[7m   \u001b[0m \u001b[91m                         ~~~~~~~~~~~~~~~~~~~~~~~~~~~~~~~\u001b[0m\n","name":"C:\\projects\\2025\\team-task-track\\client\\src\\components\\__tests__\\new-task-form.test.tsx","startTime":1751805272969,"status":"failed","summary":""},{"assertionResults":[],"coverage":{},"endTime":1751805272969,"message":"  \u001b[1m● \u001b[22mTest suite failed to run\n\n    \u001b[96msrc/contexts/app-data-context.tsx\u001b[0m:\u001b[93m45\u001b[0m:\u001b[93m24\u001b[0m - \u001b[91merror\u001b[0m\u001b[90m TS2345: \u001b[0mArgument of type '{ status: string; message: string; }' is not assignable to parameter of type 'SetStateAction<OperationResult>'.\n      Type '{ status: string; message: string; }' is not assignable to type 'OperationResult'.\n        Types of property 'status' are incompatible.\n          Type 'string' is not assignable to type 'OperationResultStatus'.\n\n    \u001b[7m45\u001b[0m     setOperationResult(results.loadingLoading);\n    \u001b[7m  \u001b[0m \u001b[91m                       ~~~~~~~~~~~~~~~~~~~~~~\u001b[0m\n    \u001b[96msrc/contexts/app-data-context.tsx\u001b[0m:\u001b[93m50\u001b[0m:\u001b[93m26\u001b[0m - \u001b[91merror\u001b[0m\u001b[90m TS2345: \u001b[0mArgument of type '{ status: string; message: string; }' is not assignable to parameter of type 'SetStateAction<OperationResult>'.\n      Type '{ status: string; message: string; }' is not assignable to type 'OperationResult'.\n        Types of property 'status' are incompatible.\n          Type 'string' is not assignable to type 'OperationResultStatus'.\n\n    \u001b[7m50\u001b[0m       setOperationResult(results.taskLoadingSuccess);\n    \u001b[7m  \u001b[0m \u001b[91m                         ~~~~~~~~~~~~~~~~~~~~~~~~~~\u001b[0m\n    \u001b[96msrc/contexts/app-data-context.tsx\u001b[0m:\u001b[93m60\u001b[0m:\u001b[93m24\u001b[0m - \u001b[91merror\u001b[0m\u001b[90m TS2345: \u001b[0mArgument of type '{ status: string; message: string; }' is not assignable to parameter of type 'SetStateAction<OperationResult>'.\n      Type '{ status: string; message: string; }' is not assignable to type 'OperationResult'.\n        Types of property 'status' are incompatible.\n          Type 'string' is not assignable to type 'OperationResultStatus'.\n\n    \u001b[7m60\u001b[0m     setOperationResult(results.loadingConnection);\n    \u001b[7m  \u001b[0m \u001b[91m                       ~~~~~~~~~~~~~~~~~~~~~~~~~\u001b[0m\n    \u001b[96msrc/contexts/app-data-context.tsx\u001b[0m:\u001b[93m67\u001b[0m:\u001b[93m26\u001b[0m - \u001b[91merror\u001b[0m\u001b[90m TS2345: \u001b[0mArgument of type '{ status: string; message: string; }' is not assignable to parameter of type 'SetStateAction<OperationResult>'.\n      Type '{ status: string; message: string; }' is not assignable to type 'OperationResult'.\n        Types of property 'status' are incompatible.\n          Type 'string' is not assignable to type 'OperationResultStatus'.\n\n    \u001b[7m67\u001b[0m       setOperationResult(results.taskCreatedSuccess);\n    \u001b[7m  \u001b[0m \u001b[91m                         ~~~~~~~~~~~~~~~~~~~~~~~~~~\u001b[0m\n    \u001b[96msrc/contexts/app-data-context.tsx\u001b[0m:\u001b[93m70\u001b[0m:\u001b[93m26\u001b[0m - \u001b[91merror\u001b[0m\u001b[90m TS2345: \u001b[0mArgument of type '{ status: string; message: string; }' is not assignable to parameter of type 'SetStateAction<OperationResult>'.\n      Type '{ status: string; message: string; }' is not assignable to type 'OperationResult'.\n        Types of property 'status' are incompatible.\n          Type 'string' is not assignable to type 'OperationResultStatus'.\n\n    \u001b[7m70\u001b[0m       setOperationResult(results.taskCreatedError);\n    \u001b[7m  \u001b[0m \u001b[91m                         ~~~~~~~~~~~~~~~~~~~~~~~~\u001b[0m\n    \u001b[96msrc/contexts/app-data-context.tsx\u001b[0m:\u001b[93m75\u001b[0m:\u001b[93m24\u001b[0m - \u001b[91merror\u001b[0m\u001b[90m TS2345: \u001b[0mArgument of type '{ status: string; message: string; }' is not assignable to parameter of type 'SetStateAction<OperationResult>'.\n      Type '{ status: string; message: string; }' is not assignable to type 'OperationResult'.\n        Types of property 'status' are incompatible.\n          Type 'string' is not assignable to type 'OperationResultStatus'.\n\n    \u001b[7m75\u001b[0m     setOperationResult(results.loadingConnection);\n    \u001b[7m  \u001b[0m \u001b[91m                       ~~~~~~~~~~~~~~~~~~~~~~~~~\u001b[0m\n    \u001b[96msrc/contexts/app-data-context.tsx\u001b[0m:\u001b[93m82\u001b[0m:\u001b[93m26\u001b[0m - \u001b[91merror\u001b[0m\u001b[90m TS2345: \u001b[0mArgument of type '{ status: string; message: string; }' is not assignable to parameter of type 'SetStateAction<OperationResult>'.\n      Type '{ status: string; message: string; }' is not assignable to type 'OperationResult'.\n        Types of property 'status' are incompatible.\n          Type 'string' is not assignable to type 'OperationResultStatus'.\n\n    \u001b[7m82\u001b[0m       setOperationResult(results.startTaskSuccess);\n    \u001b[7m  \u001b[0m \u001b[91m                         ~~~~~~~~~~~~~~~~~~~~~~~~\u001b[0m\n    \u001b[96msrc/contexts/app-data-context.tsx\u001b[0m:\u001b[93m92\u001b[0m:\u001b[93m24\u001b[0m - \u001b[91merror\u001b[0m\u001b[90m TS2345: \u001b[0mArgument of type '{ status: string; message: string; }' is not assignable to parameter of type 'SetStateAction<OperationResult>'.\n      Type '{ status: string; message: string; }' is not assignable to type 'OperationResult'.\n        Types of property 'status' are incompatible.\n          Type 'string' is not assignable to type 'OperationResultStatus'.\n\n    \u001b[7m92\u001b[0m     setOperationResult(results.loadingConnection);\n    \u001b[7m  \u001b[0m \u001b[91m                       ~~~~~~~~~~~~~~~~~~~~~~~~~\u001b[0m\n    \u001b[96msrc/contexts/app-data-context.tsx\u001b[0m:\u001b[93m99\u001b[0m:\u001b[93m26\u001b[0m - \u001b[91merror\u001b[0m\u001b[90m TS2345: \u001b[0mArgument of type '{ status: string; message: string; }' is not assignable to parameter of type 'SetStateAction<OperationResult>'.\n      Type '{ status: string; message: string; }' is not assignable to type 'OperationResult'.\n        Types of property 'status' are incompatible.\n          Type 'string' is not assignable to type 'OperationResultStatus'.\n\n    \u001b[7m99\u001b[0m       setOperationResult(results.stopTaskSuccess);\n    \u001b[7m  \u001b[0m \u001b[91m                         ~~~~~~~~~~~~~~~~~~~~~~~\u001b[0m\n    \u001b[96msrc/contexts/app-data-context.tsx\u001b[0m:\u001b[93m110\u001b[0m:\u001b[93m24\u001b[0m - \u001b[91merror\u001b[0m\u001b[90m TS2345: \u001b[0mArgument of type '{ status: string; message: string; }' is not assignable to parameter of type 'SetStateAction<OperationResult>'.\n      Type '{ status: string; message: string; }' is not assignable to type 'OperationResult'.\n        Types of property 'status' are incompatible.\n          Type 'string' is not assignable to type 'OperationResultStatus'.\n\n    \u001b[7m110\u001b[0m     setOperationResult(results.loadingLoading);\n    \u001b[7m   \u001b[0m \u001b[91m                       ~~~~~~~~~~~~~~~~~~~~~~\u001b[0m\n    \u001b[96msrc/contexts/app-data-context.tsx\u001b[0m:\u001b[93m114\u001b[0m:\u001b[93m28\u001b[0m - \u001b[91merror\u001b[0m\u001b[90m TS2345: \u001b[0mArgument of type '{ status: string; message: string; }' is not assignable to parameter of type 'SetStateAction<OperationResult>'.\n      Type '{ status: string; message: string; }' is not assignable to type 'OperationResult'.\n        Types of property 'status' are incompatible.\n          Type 'string' is not assignable to type 'OperationResultStatus'.\n\n    \u001b[7m114\u001b[0m         setOperationResult(results.taskTimesReturnedEmpty);\n    \u001b[7m   \u001b[0m \u001b[91m                           ~~~~~~~~~~~~~~~~~~~~~~~~~~~~~~\u001b[0m\n    \u001b[96msrc/contexts/app-data-context.tsx\u001b[0m:\u001b[93m118\u001b[0m:\u001b[93m26\u001b[0m - \u001b[91merror\u001b[0m\u001b[90m TS2345: \u001b[0mArgument of type '{ status: string; message: string; }' is not assignable to parameter of type 'SetStateAction<OperationResult>'.\n      Type '{ status: string; message: string; }' is not assignable to type 'OperationResult'.\n        Types of property 'status' are incompatible.\n          Type 'string' is not assignable to type 'OperationResultStatus'.\n\n    \u001b[7m118\u001b[0m       setOperationResult(results.taskTimesLoadingSuccess);\n    \u001b[7m   \u001b[0m \u001b[91m                         ~~~~~~~~~~~~~~~~~~~~~~~~~~~~~~~\u001b[0m\n","name":"C:\\projects\\2025\\team-task-track\\client\\src\\components\\__tests__\\header.test.tsx","startTime":1751805272969,"status":"failed","summary":""}],"wasInterrupted":false}
